<?xml version="1.0" encoding="UTF-8"?>
<!-- Generated by org.testng.reporters.JUnitReportReporter -->
<testsuite hostname="luxmikaanth" failures="0" tests="1" name="com.theinternet.AddtoCart" time="13.314" errors="0" timestamp="08 Oct 2022 06:07:19 GMT" skipped="0">
  <testcase classname="com.theinternet.AddtoCart" name="registrationTest" time="13.314"/>
</testsuite> <!-- com.theinternet.AddtoCart -->
