<?xml version="1.0" encoding="UTF-8"?>
<!-- Generated by org.testng.reporters.JUnitReportReporter -->
<testsuite hostname="luxmikaanth" failures="0" tests="1" name="com.theinternet.SearchBar" time="15.300" errors="0" timestamp="08 Oct 2022 06:03:15 GMT" skipped="0">
  <testcase classname="com.theinternet.SearchBar" name="registrationTest" time="15.300"/>
</testsuite> <!-- com.theinternet.SearchBar -->
