<?xml version="1.0" encoding="UTF-8"?>
<!-- Generated by org.testng.reporters.JUnitReportReporter -->
<testsuite skipped="0" hostname="DESKTOP-18041999" name="com.herokuapp.theinternet.PositiveTests" tests="2" failures="0" timestamp="07 May 2021 03:16:41 GMT" time="65.367" errors="0">
  <testcase name="loginTest" time="30.904" classname="com.herokuapp.theinternet.PositiveTests"/>
  <testcase name="registrationTest" time="34.463" classname="com.herokuapp.theinternet.PositiveTests"/>
</testsuite> <!-- com.herokuapp.theinternet.PositiveTests -->
