<?xml version="1.0" encoding="UTF-8"?>
<!-- Generated by org.testng.reporters.JUnitReportReporter -->
<testsuite skipped="0" hostname="DESKTOP-18041999" name="com.herokuapp.theinternet.NegativeTests" tests="2" failures="0" timestamp="07 May 2021 03:16:41 GMT" time="55.847" errors="0">
  <testcase name="incorrectUsernameTest" time="35.317" classname="com.herokuapp.theinternet.NegativeTests"/>
  <testcase name="incorrectPasswordTest" time="20.530" classname="com.herokuapp.theinternet.NegativeTests"/>
</testsuite> <!-- com.herokuapp.theinternet.NegativeTests -->
