<?xml version="1.0" encoding="UTF-8"?>
<!-- Generated by org.testng.reporters.JUnitReportReporter -->
<testsuite hostname="luxmikaanth" failures="0" tests="3" name="Ecommerce.Testing" time="31.002" errors="0" timestamp="2022-10-18T11:56:34 IST" skipped="0">
  <testcase classname="Ecommerce.Testing" name="home" time="30.140"/>
  <system-out/>
  <testcase classname="Ecommerce.Testing" name="search" time="0.840"/>
  <system-out/>
  <testcase classname="Ecommerce.Testing" name="pageHeight" time="0.022"/>
  <system-out/>
</testsuite> <!-- Ecommerce.Testing -->
